iMPACT Version: Oct 13 2013 08:43:40

iMPACT log file Started on Thu Sep 17 19:52:12 2020

Preference Table
Name                 Setting             
StartupClock         Auto_Correction     
AutoSignature        False               
KeepSVF              False               
ConcurrentMode       False               
UseHighz             False               
ConfigOnFailure      Stop                
UserLevel            Novice              
MessageLevel         Detailed            
svfUseTime           false               
SpiByteSwap          Auto_Correction     
AutoInfer            false               
SvfPlayDisplayComments false               
Enumerating cables. Please wait.
If you are using the Platform Cable USB, please refer to the USB CableInstallation Guide (UG344) to install the libusb package.
Connecting to cable (Usb Port - USB21).
Checking cable driver.
 Linux release = 4.4.0-45-generic.
WARNING:iMPACT -  Module windrvr6 is not loaded. Please reinstall the cable   drivers. See Answer Record 22648.
ERROR:iMPACT - Cable not found, ESN: 000014D37AE401
